2017-07-30 19:25:27.506854: W tensorflow/core/platform/cpu_feature_guard.cc:45] The TensorFlow library wasn't compiled to use SSE4.1 instructions, but these are available on your machine and could speed up CPU computations.
2017-07-30 19:25:27.506890: W tensorflow/core/platform/cpu_feature_guard.cc:45] The TensorFlow library wasn't compiled to use SSE4.2 instructions, but these are available on your machine and could speed up CPU computations.
2017-07-30 19:25:27.506895: W tensorflow/core/platform/cpu_feature_guard.cc:45] The TensorFlow library wasn't compiled to use AVX instructions, but these are available on your machine and could speed up CPU computations.
2017-07-30 19:25:27.506899: W tensorflow/core/platform/cpu_feature_guard.cc:45] The TensorFlow library wasn't compiled to use AVX2 instructions, but these are available on your machine and could speed up CPU computations.
2017-07-30 19:25:27.506902: W tensorflow/core/platform/cpu_feature_guard.cc:45] The TensorFlow library wasn't compiled to use FMA instructions, but these are available on your machine and could speed up CPU computations.
2017-07-30 19:25:27.826411: I tensorflow/core/common_runtime/gpu/gpu_device.cc:887] Found device 0 with properties: 
name: GeForce GTX TITAN X
major: 5 minor: 2 memoryClockRate (GHz) 1.076
pciBusID 0000:02:00.0
Total memory: 11.92GiB
Free memory: 11.79GiB
2017-07-30 19:25:27.826488: W tensorflow/stream_executor/cuda/cuda_driver.cc:485] creating context when one is currently active; existing: 0x68281c0
2017-07-30 19:25:28.056820: I tensorflow/core/common_runtime/gpu/gpu_device.cc:887] Found device 1 with properties: 
name: GeForce GTX TITAN X
major: 5 minor: 2 memoryClockRate (GHz) 1.076
pciBusID 0000:03:00.0
Total memory: 11.92GiB
Free memory: 11.81GiB
2017-07-30 19:25:28.056896: W tensorflow/stream_executor/cuda/cuda_driver.cc:485] creating context when one is currently active; existing: 0x682bb50
2017-07-30 19:25:28.274885: I tensorflow/core/common_runtime/gpu/gpu_device.cc:887] Found device 2 with properties: 
name: GeForce GTX TITAN X
major: 5 minor: 2 memoryClockRate (GHz) 1.076
pciBusID 0000:04:00.0
Total memory: 11.92GiB
Free memory: 11.80GiB
2017-07-30 19:25:28.275809: I tensorflow/core/common_runtime/gpu/gpu_device.cc:908] DMA: 0 1 2 
2017-07-30 19:25:28.275820: I tensorflow/core/common_runtime/gpu/gpu_device.cc:918] 0:   Y Y Y 
2017-07-30 19:25:28.275824: I tensorflow/core/common_runtime/gpu/gpu_device.cc:918] 1:   Y Y Y 
2017-07-30 19:25:28.275827: I tensorflow/core/common_runtime/gpu/gpu_device.cc:918] 2:   Y Y Y 
2017-07-30 19:25:28.275834: I tensorflow/core/common_runtime/gpu/gpu_device.cc:977] Creating TensorFlow device (/gpu:0) -> (device: 0, name: GeForce GTX TITAN X, pci bus id: 0000:02:00.0)
2017-07-30 19:25:28.275838: I tensorflow/core/common_runtime/gpu/gpu_device.cc:977] Creating TensorFlow device (/gpu:1) -> (device: 1, name: GeForce GTX TITAN X, pci bus id: 0000:03:00.0)
2017-07-30 19:25:28.275842: I tensorflow/core/common_runtime/gpu/gpu_device.cc:977] Creating TensorFlow device (/gpu:2) -> (device: 2, name: GeForce GTX TITAN X, pci bus id: 0000:04:00.0)
